{"C:\\Users\\Wesley\\Desktop\\curso_web\\js\\musicfy\\server\\config.js": {"path":"C:\\Users\\Wesley\\Desktop\\curso_web\\js\\musicfy\\server\\config.js","statementMap":{"0":{"start":{"line":4,"column":19},"end":{"line":4,"column":58}},"1":{"start":{"line":5,"column":13},"end":{"line":5,"column":36}},"2":{"start":{"line":6,"column":23},"end":{"line":6,"column":42}},"3":{"start":{"line":7,"column":24},"end":{"line":7,"column":44}}},"fnMap":{},"branchMap":{"0":{"loc":{"start":{"line":10,"column":10},"end":{"line":10,"column":34}},"type":"binary-expr","locations":[{"start":{"line":10,"column":10},"end":{"line":10,"column":26}},{"start":{"line":10,"column":30},"end":{"line":10,"column":34}}],"line":10}},"s":{"0":1,"1":1,"2":1,"3":1},"f":{},"b":{"0":[1,1]},"_coverageSchema":"1a1c01bbd47fc00a2c39e90264f33305004495a9","hash":"56a54171d4161c7b474829625be28432443d70f1"}
,"C:\\Users\\Wesley\\Desktop\\curso_web\\js\\musicfy\\server\\controller.js": {"path":"C:\\Users\\Wesley\\Desktop\\curso_web\\js\\musicfy\\server\\controller.js","statementMap":{"0":{"start":{"line":5,"column":8},"end":{"line":5,"column":36}},"1":{"start":{"line":9,"column":8},"end":{"line":9,"column":51}}},"fnMap":{"0":{"name":"(anonymous_0)","decl":{"start":{"line":4,"column":4},"end":{"line":4,"column":5}},"loc":{"start":{"line":4,"column":18},"end":{"line":6,"column":5}},"line":4},"1":{"name":"(anonymous_1)","decl":{"start":{"line":8,"column":4},"end":{"line":8,"column":5}},"loc":{"start":{"line":8,"column":34},"end":{"line":10,"column":5}},"line":8}},"branchMap":{},"s":{"0":1,"1":0},"f":{"0":1,"1":0},"b":{},"_coverageSchema":"1a1c01bbd47fc00a2c39e90264f33305004495a9","hash":"6bf481295144d7edbe5c620b1863c0e0318b6ac0"}
,"C:\\Users\\Wesley\\Desktop\\curso_web\\js\\musicfy\\server\\routes.js": {"path":"C:\\Users\\Wesley\\Desktop\\curso_web\\js\\musicfy\\server\\routes.js","statementMap":{"0":{"start":{"line":5,"column":19},"end":{"line":5,"column":35}},"1":{"start":{"line":11,"column":4},"end":{"line":11,"column":10}},"2":{"start":{"line":15,"column":28},"end":{"line":15,"column":35}},"3":{"start":{"line":17,"column":4},"end":{"line":23,"column":5}},"4":{"start":{"line":18,"column":8},"end":{"line":20,"column":10}},"5":{"start":{"line":22,"column":8},"end":{"line":22,"column":30}},"6":{"start":{"line":25,"column":4},"end":{"line":33,"column":5}},"7":{"start":{"line":27,"column":27},"end":{"line":27,"column":80}},"8":{"start":{"line":32,"column":8},"end":{"line":32,"column":36}},"9":{"start":{"line":35,"column":4},"end":{"line":40,"column":5}},"10":{"start":{"line":37,"column":27},"end":{"line":37,"column":86}},"11":{"start":{"line":39,"column":8},"end":{"line":39,"column":36}},"12":{"start":{"line":43,"column":4},"end":{"line":53,"column":5}},"13":{"start":{"line":44,"column":33},"end":{"line":44,"column":68}},"14":{"start":{"line":45,"column":28},"end":{"line":45,"column":46}},"15":{"start":{"line":46,"column":8},"end":{"line":50,"column":9}},"16":{"start":{"line":47,"column":12},"end":{"line":49,"column":14}},"17":{"start":{"line":51,"column":8},"end":{"line":51,"column":37}},"18":{"start":{"line":55,"column":4},"end":{"line":55,"column":28}},"19":{"start":{"line":56,"column":4},"end":{"line":56,"column":26}},"20":{"start":{"line":60,"column":4},"end":{"line":64,"column":5}},"21":{"start":{"line":61,"column":8},"end":{"line":61,"column":53}},"22":{"start":{"line":62,"column":8},"end":{"line":62,"column":31}},"23":{"start":{"line":63,"column":8},"end":{"line":63,"column":30}},"24":{"start":{"line":66,"column":4},"end":{"line":66,"column":55}},"25":{"start":{"line":67,"column":4},"end":{"line":67,"column":28}},"26":{"start":{"line":68,"column":4},"end":{"line":68,"column":26}},"27":{"start":{"line":72,"column":4},"end":{"line":73,"column":53}},"28":{"start":{"line":73,"column":24},"end":{"line":73,"column":51}}},"fnMap":{"0":{"name":"routes","decl":{"start":{"line":13,"column":15},"end":{"line":13,"column":21}},"loc":{"start":{"line":13,"column":41},"end":{"line":57,"column":1}},"line":13},"1":{"name":"handleErro","decl":{"start":{"line":59,"column":9},"end":{"line":59,"column":19}},"loc":{"start":{"line":59,"column":37},"end":{"line":69,"column":1}},"line":59},"2":{"name":"handler","decl":{"start":{"line":71,"column":16},"end":{"line":71,"column":23}},"loc":{"start":{"line":71,"column":43},"end":{"line":74,"column":1}},"line":71},"3":{"name":"(anonymous_3)","decl":{"start":{"line":73,"column":15},"end":{"line":73,"column":16}},"loc":{"start":{"line":73,"column":24},"end":{"line":73,"column":51}},"line":73}},"branchMap":{"0":{"loc":{"start":{"line":17,"column":4},"end":{"line":23,"column":5}},"type":"if","locations":[{"start":{"line":17,"column":4},"end":{"line":23,"column":5}},{"start":{},"end":{}}],"line":17},"1":{"loc":{"start":{"line":17,"column":8},"end":{"line":17,"column":39}},"type":"binary-expr","locations":[{"start":{"line":17,"column":8},"end":{"line":17,"column":24}},{"start":{"line":17,"column":28},"end":{"line":17,"column":39}}],"line":17},"2":{"loc":{"start":{"line":25,"column":4},"end":{"line":33,"column":5}},"type":"if","locations":[{"start":{"line":25,"column":4},"end":{"line":33,"column":5}},{"start":{},"end":{}}],"line":25},"3":{"loc":{"start":{"line":25,"column":8},"end":{"line":25,"column":43}},"type":"binary-expr","locations":[{"start":{"line":25,"column":8},"end":{"line":25,"column":24}},{"start":{"line":25,"column":28},"end":{"line":25,"column":43}}],"line":25},"4":{"loc":{"start":{"line":35,"column":4},"end":{"line":40,"column":5}},"type":"if","locations":[{"start":{"line":35,"column":4},"end":{"line":40,"column":5}},{"start":{},"end":{}}],"line":35},"5":{"loc":{"start":{"line":35,"column":8},"end":{"line":35,"column":49}},"type":"binary-expr","locations":[{"start":{"line":35,"column":8},"end":{"line":35,"column":24}},{"start":{"line":35,"column":28},"end":{"line":35,"column":49}}],"line":35},"6":{"loc":{"start":{"line":43,"column":4},"end":{"line":53,"column":5}},"type":"if","locations":[{"start":{"line":43,"column":4},"end":{"line":53,"column":5}},{"start":{},"end":{}}],"line":43},"7":{"loc":{"start":{"line":46,"column":8},"end":{"line":50,"column":9}},"type":"if","locations":[{"start":{"line":46,"column":8},"end":{"line":50,"column":9}},{"start":{},"end":{}}],"line":46},"8":{"loc":{"start":{"line":60,"column":4},"end":{"line":64,"column":5}},"type":"if","locations":[{"start":{"line":60,"column":4},"end":{"line":64,"column":5}},{"start":{},"end":{}}],"line":60}},"s":{"0":1,"1":1,"2":8,"3":8,"4":1,"5":1,"6":7,"7":1,"8":1,"9":6,"10":1,"11":1,"12":5,"13":4,"14":2,"15":2,"16":1,"17":2,"18":1,"19":1,"20":2,"21":1,"22":1,"23":1,"24":1,"25":1,"26":1,"27":8,"28":2},"f":{"0":8,"1":2,"2":8,"3":2},"b":{"0":[1,7],"1":[8,7],"2":[1,6],"3":[7,6],"4":[1,5],"5":[6,5],"6":[4,1],"7":[1,1],"8":[1,1]},"_coverageSchema":"1a1c01bbd47fc00a2c39e90264f33305004495a9","hash":"f985efa1bf177ecdd1444f4c1b642d6b00991faf"}
,"C:\\Users\\Wesley\\Desktop\\curso_web\\js\\musicfy\\server\\service.js": {"path":"C:\\Users\\Wesley\\Desktop\\curso_web\\js\\musicfy\\server\\service.js","statementMap":{"0":{"start":{"line":6,"column":37},"end":{"line":6,"column":43}},"1":{"start":{"line":10,"column":8},"end":{"line":10,"column":44}},"2":{"start":{"line":15,"column":29},"end":{"line":15,"column":56}},"3":{"start":{"line":17,"column":8},"end":{"line":17,"column":46}},"4":{"start":{"line":18,"column":25},"end":{"line":18,"column":46}},"5":{"start":{"line":20,"column":8},"end":{"line":23,"column":9}},"6":{"start":{"line":31,"column":12},"end":{"line":31,"column":40}},"7":{"start":{"line":33,"column":8},"end":{"line":38,"column":9}}},"fnMap":{"0":{"name":"(anonymous_0)","decl":{"start":{"line":9,"column":4},"end":{"line":9,"column":5}},"loc":{"start":{"line":9,"column":31},"end":{"line":11,"column":5}},"line":9},"1":{"name":"(anonymous_1)","decl":{"start":{"line":13,"column":4},"end":{"line":13,"column":5}},"loc":{"start":{"line":13,"column":28},"end":{"line":25,"column":5}},"line":13},"2":{"name":"(anonymous_2)","decl":{"start":{"line":27,"column":4},"end":{"line":27,"column":5}},"loc":{"start":{"line":27,"column":30},"end":{"line":39,"column":5}},"line":27}},"branchMap":{},"s":{"0":1,"1":0,"2":0,"3":0,"4":0,"5":0,"6":0,"7":0},"f":{"0":0,"1":0,"2":0},"b":{},"_coverageSchema":"1a1c01bbd47fc00a2c39e90264f33305004495a9","hash":"73b8d746b60a719723d87c895b9f9452ffc8ae16"}
,"C:\\Users\\Wesley\\Desktop\\curso_web\\js\\musicfy\\server\\util.js": {"path":"C:\\Users\\Wesley\\Desktop\\curso_web\\js\\musicfy\\server\\util.js","statementMap":{"0":{"start":{"line":3,"column":12},"end":{"line":12,"column":2}},"1":{"start":{"line":14,"column":22},"end":{"line":14,"column":25}}},"fnMap":{},"branchMap":{},"s":{"0":1,"1":1},"f":{},"b":{},"_coverageSchema":"1a1c01bbd47fc00a2c39e90264f33305004495a9","hash":"c6524faedfada2c76103352c06374e679ca6f829"}
,"C:\\Users\\Wesley\\Desktop\\curso_web\\js\\musicfy\\test\\unit\\_util\\testUtil.js": {"path":"C:\\Users\\Wesley\\Desktop\\curso_web\\js\\musicfy\\test\\unit\\_util\\testUtil.js","statementMap":{"0":{"start":{"line":7,"column":8},"end":{"line":16,"column":9}},"1":{"start":{"line":10,"column":20},"end":{"line":12,"column":21}},"2":{"start":{"line":11,"column":24},"end":{"line":11,"column":39}},"3":{"start":{"line":13,"column":20},"end":{"line":13,"column":35}},"4":{"start":{"line":20,"column":8},"end":{"line":28,"column":9}},"5":{"start":{"line":23,"column":20},"end":{"line":23,"column":33}},"6":{"start":{"line":24,"column":20},"end":{"line":24,"column":35}},"7":{"start":{"line":32,"column":30},"end":{"line":32,"column":85}},"8":{"start":{"line":33,"column":25},"end":{"line":33,"column":67}},"9":{"start":{"line":34,"column":21},"end":{"line":45,"column":9}},"10":{"start":{"line":47,"column":8},"end":{"line":50,"column":9}},"11":{"start":{"line":48,"column":26},"end":{"line":48,"column":45}}},"fnMap":{"0":{"name":"(anonymous_0)","decl":{"start":{"line":6,"column":4},"end":{"line":6,"column":5}},"loc":{"start":{"line":6,"column":40},"end":{"line":17,"column":5}},"line":6},"1":{"name":"(anonymous_1)","decl":{"start":{"line":9,"column":16},"end":{"line":9,"column":17}},"loc":{"start":{"line":9,"column":23},"end":{"line":14,"column":17}},"line":9},"2":{"name":"(anonymous_2)","decl":{"start":{"line":19,"column":4},"end":{"line":19,"column":5}},"loc":{"start":{"line":19,"column":42},"end":{"line":29,"column":5}},"line":19},"3":{"name":"(anonymous_3)","decl":{"start":{"line":22,"column":16},"end":{"line":22,"column":17}},"loc":{"start":{"line":22,"column":38},"end":{"line":26,"column":17}},"line":22},"4":{"name":"(anonymous_4)","decl":{"start":{"line":31,"column":4},"end":{"line":31,"column":5}},"loc":{"start":{"line":31,"column":33},"end":{"line":51,"column":5}},"line":31},"5":{"name":"(anonymous_5)","decl":{"start":{"line":33,"column":57},"end":{"line":33,"column":58}},"loc":{"start":{"line":33,"column":63},"end":{"line":33,"column":66}},"line":33},"6":{"name":"(anonymous_6)","decl":{"start":{"line":48,"column":20},"end":{"line":48,"column":21}},"loc":{"start":{"line":48,"column":26},"end":{"line":48,"column":45}},"line":48}},"branchMap":{},"s":{"0":12,"1":0,"2":0,"3":0,"4":8,"5":0,"6":0,"7":8,"8":8,"9":8,"10":8,"11":8},"f":{"0":12,"1":0,"2":8,"3":0,"4":8,"5":0,"6":8},"b":{},"_coverageSchema":"1a1c01bbd47fc00a2c39e90264f33305004495a9","hash":"44930803fa51bd183448f4816dbcd9536ea6ef47"}
}
