TN:
SF:server\config.js
FNF:0
FNH:0
DA:4,1
DA:5,1
DA:6,1
DA:7,1
LF:4
LH:4
BRDA:10,0,0,1
BRDA:10,0,1,1
BRF:2
BRH:2
end_of_record
TN:
SF:server\controller.js
FN:4,(anonymous_0)
FN:8,(anonymous_1)
FNF:2
FNH:1
FNDA:1,(anonymous_0)
FNDA:0,(anonymous_1)
DA:5,1
DA:9,0
LF:2
LH:1
BRF:0
BRH:0
end_of_record
TN:
SF:server\routes.js
FN:13,routes
FN:59,handleErro
FN:71,handler
FN:73,(anonymous_3)
FNF:4
FNH:4
FNDA:8,routes
FNDA:2,handleErro
FNDA:8,handler
FNDA:2,(anonymous_3)
DA:5,1
DA:11,1
DA:15,8
DA:17,8
DA:18,1
DA:22,1
DA:25,7
DA:27,1
DA:32,1
DA:35,6
DA:37,1
DA:39,1
DA:43,5
DA:44,4
DA:45,2
DA:46,2
DA:47,1
DA:51,2
DA:55,1
DA:56,1
DA:60,2
DA:61,1
DA:62,1
DA:63,1
DA:66,1
DA:67,1
DA:68,1
DA:72,8
DA:73,2
LF:29
LH:29
BRDA:17,0,0,1
BRDA:17,0,1,7
BRDA:17,1,0,8
BRDA:17,1,1,7
BRDA:25,2,0,1
BRDA:25,2,1,6
BRDA:25,3,0,7
BRDA:25,3,1,6
BRDA:35,4,0,1
BRDA:35,4,1,5
BRDA:35,5,0,6
BRDA:35,5,1,5
BRDA:43,6,0,4
BRDA:43,6,1,1
BRDA:46,7,0,1
BRDA:46,7,1,1
BRDA:60,8,0,1
BRDA:60,8,1,1
BRF:18
BRH:18
end_of_record
TN:
SF:server\service.js
FN:9,(anonymous_0)
FN:13,(anonymous_1)
FN:27,(anonymous_2)
FNF:3
FNH:0
FNDA:0,(anonymous_0)
FNDA:0,(anonymous_1)
FNDA:0,(anonymous_2)
DA:6,1
DA:10,0
DA:15,0
DA:17,0
DA:18,0
DA:20,0
DA:31,0
DA:33,0
LF:8
LH:1
BRF:0
BRH:0
end_of_record
TN:
SF:server\util.js
FNF:0
FNH:0
DA:3,1
DA:14,1
LF:2
LH:2
BRF:0
BRH:0
end_of_record
TN:
SF:test\unit\_util\testUtil.js
FN:6,(anonymous_0)
FN:9,(anonymous_1)
FN:19,(anonymous_2)
FN:22,(anonymous_3)
FN:31,(anonymous_4)
FN:33,(anonymous_5)
FN:48,(anonymous_6)
FNF:7
FNH:4
FNDA:12,(anonymous_0)
FNDA:0,(anonymous_1)
FNDA:8,(anonymous_2)
FNDA:0,(anonymous_3)
FNDA:8,(anonymous_4)
FNDA:0,(anonymous_5)
FNDA:8,(anonymous_6)
DA:7,12
DA:10,0
DA:11,0
DA:13,0
DA:20,8
DA:23,0
DA:24,0
DA:32,8
DA:33,8
DA:34,8
DA:47,8
DA:48,8
LF:12
LH:7
BRF:0
BRH:0
end_of_record
