TN:
SF:server\config.js
FNF:0
FNH:0
DA:4,1
DA:5,1
DA:6,1
DA:7,1
LF:4
LH:4
BRDA:10,0,0,1
BRDA:10,0,1,1
BRF:2
BRH:2
end_of_record
TN:
SF:server\controller.js
FN:4,(anonymous_0)
FN:8,(anonymous_1)
FNF:2
FNH:1
FNDA:1,(anonymous_0)
FNDA:0,(anonymous_1)
DA:5,1
DA:9,0
LF:2
LH:1
BRF:0
BRH:0
end_of_record
TN:
SF:server\routes.js
FN:13,routes
FN:59,handleErro
FN:71,handler
FN:73,(anonymous_3)
FNF:4
FNH:2
FNDA:5,routes
FNDA:0,handleErro
FNDA:5,handler
FNDA:0,(anonymous_3)
DA:5,1
DA:11,1
DA:15,5
DA:17,5
DA:18,1
DA:22,1
DA:25,4
DA:27,1
DA:32,1
DA:35,3
DA:37,1
DA:39,1
DA:43,2
DA:44,2
DA:45,2
DA:46,2
DA:47,1
DA:51,2
DA:55,0
DA:56,0
DA:60,0
DA:61,0
DA:62,0
DA:63,0
DA:66,0
DA:67,0
DA:68,0
DA:72,5
DA:73,0
LF:29
LH:19
BRDA:17,0,0,1
BRDA:17,0,1,4
BRDA:17,1,0,5
BRDA:17,1,1,5
BRDA:25,2,0,1
BRDA:25,2,1,3
BRDA:25,3,0,4
BRDA:25,3,1,4
BRDA:35,4,0,1
BRDA:35,4,1,2
BRDA:35,5,0,3
BRDA:35,5,1,3
BRDA:43,6,0,2
BRDA:43,6,1,0
BRDA:46,7,0,1
BRDA:46,7,1,1
BRDA:60,8,0,0
BRDA:60,8,1,0
BRF:18
BRH:15
end_of_record
TN:
SF:server\service.js
FN:9,(anonymous_0)
FN:13,(anonymous_1)
FN:27,(anonymous_2)
FNF:3
FNH:0
FNDA:0,(anonymous_0)
FNDA:0,(anonymous_1)
FNDA:0,(anonymous_2)
DA:6,1
DA:10,0
DA:15,0
DA:17,0
DA:18,0
DA:20,0
DA:31,0
DA:33,0
LF:8
LH:1
BRF:0
BRH:0
end_of_record
TN:
SF:server\util.js
FNF:0
FNH:0
DA:3,1
DA:14,1
LF:2
LH:2
BRF:0
BRH:0
end_of_record
TN:
SF:test\unit\_util\testUtil.js
FN:6,(anonymous_0)
FN:9,(anonymous_1)
FN:19,(anonymous_2)
FN:22,(anonymous_3)
FN:31,(anonymous_4)
FN:33,(anonymous_5)
FN:48,(anonymous_6)
FNF:7
FNH:4
FNDA:9,(anonymous_0)
FNDA:0,(anonymous_1)
FNDA:5,(anonymous_2)
FNDA:0,(anonymous_3)
FNDA:5,(anonymous_4)
FNDA:0,(anonymous_5)
FNDA:5,(anonymous_6)
DA:7,9
DA:10,0
DA:11,0
DA:13,0
DA:20,5
DA:23,0
DA:24,0
DA:32,5
DA:33,5
DA:34,5
DA:47,5
DA:48,5
LF:12
LH:7
BRF:0
BRH:0
end_of_record
